app/build/outputs/mapping/release/mapping.txt
# compiler: R8
# compiler_version: 1.5.68
# min_api: 20
# pg_map_id: d051b0c
com.osarious.unknotyourhate.MainActivity -> com.osarious.unknotyourhate.MainActivity:
    android.widget.ImageView target -> x
    android.widget.FrameLayout bloodClot -> G
    android.os.Handler handler2 -> u
    java.lang.Boolean pressed -> E
    android.os.Handler handler -> t
    android.widget.ProgressBar progressBarText -> A
    int rand -> H
    android.widget.ProgressBar health -> B
    pl.droidsonroids.gif.GifImageView gifImageView -> F
    android.widget.TextView targetText -> y
    com.richpath.RichPathView peaceImage -> w
    android.view.View$OnTouchListener listener -> s
    android.media.MediaPlayer peacemusic -> v
    android.widget.Button accept -> I
    android.view.animation.TranslateAnimation kalashAnimation -> D
    android.graphics.Bitmap bitmap -> z
    java.lang.Boolean isImage -> C
    void acceptanceCheck(android.widget.Button) -> a
    void access$100(com.osarious.unknotyourhate.MainActivity) -> a
    1:1:void killMechanizm(android.media.MediaPlayer,android.media.MediaPlayer,android.widget.ImageView,android.widget.ImageView,android.media.MediaPlayer):0:0 -> onCreate
    1:1:void onCreate(android.os.Bundle):0 -> onCreate
    2:2:void onCreate(android.os.Bundle):0:0 -> onCreate
    void launchMarket() -> q
com.osarious.unknotyourhate.MainActivity$1 -> com.osarious.unknotyourhate.MainActivity$a:
    android.media.MediaPlayer val$kalashSound -> a
    com.osarious.unknotyourhate.MainActivity this$0 -> b
com.osarious.unknotyourhate.MainActivity$2 -> b.b.a.a:
    android.media.MediaPlayer val$explosionSound -> f
    android.media.MediaPlayer val$reload -> g
    android.view.animation.TranslateAnimation bulletAnimation -> b
    com.osarious.unknotyourhate.MainActivity this$0 -> h
    android.widget.ImageView val$Kalashinkov -> d
    android.widget.ImageView val$bullet -> e
    android.media.MediaPlayer val$kalashSound -> c
com.osarious.unknotyourhate.MainActivity$2$1 -> b.b.a.a$a:
    com.osarious.unknotyourhate.MainActivity$2 this$1 -> b
com.osarious.unknotyourhate.MainActivity$2$1$1 -> b.b.a.a$a$a:
    com.osarious.unknotyourhate.MainActivity$2$1 this$2 -> b
    1:1:void com.osarious.unknotyourhate.MainActivity.access$000(com.osarious.unknotyourhate.MainActivity,android.widget.Button):0:0 -> run
    1:1:void run():0 -> run
com.osarious.unknotyourhate.MainActivity$3 -> com.osarious.unknotyourhate.MainActivity$b:
    com.osarious.unknotyourhate.MainActivity this$0 -> b
com.osarious.unknotyourhate.MainActivity$4 -> com.osarious.unknotyourhate.MainActivity$c:
    android.widget.EditText val$input -> b
    android.app.AlertDialog val$dialog -> c
    com.osarious.unknotyourhate.MainActivity this$0 -> d
com.osarious.unknotyourhate.MainActivity$5 -> com.osarious.unknotyourhate.MainActivity$d:
    com.osarious.unknotyourhate.MainActivity this$0 -> b
com.osarious.unknotyourhate.MainActivity$6 -> com.osarious.unknotyourhate.MainActivity$e:
    com.osarious.unknotyourhate.MainActivity this$0 -> c
    android.widget.Button val$view -> b
com.osarious.unknotyourhate.MainActivity$7 -> com.osarious.unknotyourhate.MainActivity$f:
    com.osarious.unknotyourhate.MainActivity this$0 -> c
    android.widget.Button val$view -> b
com.osarious.unknotyourhate.MainActivity$8 -> com.osarious.unknotyourhate.MainActivity$g:
    android.view.View val$view -> b
    com.osarious.unknotyourhate.MainActivity this$0 -> c
com.osarious.unknotyourhate.MainActivity$9 -> com.osarious.unknotyourhate.MainActivity$h:
    com.richpath.RichPath[] val$paths -> b
    java.util.ArrayList val$colors -> c
    com.osarious.unknotyourhate.MainActivity this$0 -> d
...
androidx.core.app.ActivityRecreator$3 -> a.f.d.b$c:
    java.lang.Object val$activityThread -> b
    java.lang.Object val$token -> c
androidx.core.app.ActivityRecreator$LifecycleCheckCallbacks -> a.f.d.b$d:
    boolean mStopQueued -> e
    java.lang.Object currentlyRecreatingToken -> a
    boolean mStarted -> c
    android.app.Activity mActivity -> b
    boolean mDestroyed -> d
androidx.core.app.ComponentActivity -> a.f.d.c:
    androidx.lifecycle.LifecycleRegistry mLifecycleRegistry -> b
    1:1:void androidx.collection.SimpleArrayMap.<init>():0:0 -> <init>
    1:1:void <init>():0 -> <init>
    2:2:void <init>():0:0 -> <init>
    boolean superDispatchKeyEvent(android.view.KeyEvent) -> a
    1:1:boolean androidx.core.view.KeyEventDispatcher.dispatchBeforeHierarchy(android.view.View,android.view.KeyEvent):0:0 -> dispatchKeyEvent
    1:1:boolean dispatchKeyEvent(android.view.KeyEvent):0 -> dispatchKeyEvent
    2:2:boolean dispatchKeyEvent(android.view.KeyEvent):0:0 -> dispatchKeyEvent
    1:1:boolean androidx.core.view.KeyEventDispatcher.dispatchBeforeHierarchy(android.view.View,android.view.KeyEvent):0:0 -> dispatchKeyShortcutEvent
    1:1:boolean dispatchKeyShortcutEvent(android.view.KeyEvent):0 -> dispatchKeyShortcutEvent
    2:2:boolean dispatchKeyShortcutEvent(android.view.KeyEvent):0:0 -> dispatchKeyShortcutEvent
    1:1:void androidx.lifecycle.LifecycleRegistry.setCurrentState(androidx.lifecycle.Lifecycle$State):0:0 -> onSaveInstanceState
    1:1:void androidx.lifecycle.LifecycleRegistry.markState(androidx.lifecycle.Lifecycle$State):0 -> onSaveInstanceState
    1:1:void onSaveInstanceState(android.os.Bundle):0 -> onSaveInstanceState
    2:2:void onSaveInstanceState(android.os.Bundle):0:0 -> onSaveInstanceState
androidx.core.app.CoreComponentFactory -> androidx.core.app.CoreComponentFactory:
    java.lang.Object checkCompatWrapper(java.lang.Object) -> a
androidx.core.app.CoreComponentFactory$CompatWrapped -> androidx.core.app.CoreComponentFactory$a:
    java.lang.Object getWrapper() -> a
androidx.core.app.RemoteActionCompat -> androidx.core.app.RemoteActionCompat:
    androidx.core.graphics.drawable.IconCompat mIcon -> a
    java.lang.CharSequence mTitle -> b
    java.lang.CharSequence mContentDescription -> c
    boolean mEnabled -> e
    boolean mShouldShowIcon -> f
    android.app.PendingIntent mActionIntent -> d
androidx.core.app.RemoteActionCompatParcelizer -> androidx.core.app.RemoteActionCompatParcelizer:
    1:1:androidx.versionedparcelable.VersionedParcelable androidx.versionedparcelable.VersionedParcel.readVersionedParcelable(androidx.versionedparcelable.VersionedParcelable,int):0:0 -> read
    1:1:androidx.core.app.RemoteActionCompat read(androidx.versionedparcelable.VersionedParcel):0 -> read
    2:2:androidx.core.app.RemoteActionCompat read(androidx.versionedparcelable.VersionedParcel):0:0 -> read
    1:1:void androidx.versionedparcelable.VersionedParcel.writeVersionedParcelable(androidx.versionedparcelable.VersionedParcelable,int):0:0 -> write
    1:1:void write(androidx.core.app.RemoteActionCompat,androidx.versionedparcelable.VersionedParcel):0 -> write
    2:2:void write(androidx.core.app.RemoteActionCompat,androidx.versionedparcelable.VersionedParcel):0:0 -> write
    3:3:void androidx.versionedparcelable.VersionedParcel.writeCharSequence(java.lang.CharSequence,int):0:0 -> write
    3:3:void write(androidx.core.app.RemoteActionCompat,androidx.versionedparcelable.VersionedParcel):0 -> write
    4:4:void androidx.versionedparcelable.VersionedParcelParcel.writeCharSequence(java.lang.CharSequence):0:0 -> write
    4:4:void androidx.versionedparcelable.VersionedParcel.writeCharSequence(java.lang.CharSequence,int):0 -> write
    4:4:void write(androidx.core.app.RemoteActionCompat,androidx.versionedparcelable.VersionedParcel):0 -> write
androidx.core.app.SharedElementCallback -> a.f.d.d: